[debug] [2019-01-18T23:59:13.143Z] ----------------------------------------------------------------------
[debug] [2019-01-18T23:59:13.145Z] Command:       /Users/kevintillot/.nvm/versions/node/v8.9.0/bin/node /Users/kevintillot/workspace/cluster-frelance/node_modules/.bin/firebase deploy
[debug] [2019-01-18T23:59:13.145Z] CLI Version:   6.2.2
[debug] [2019-01-18T23:59:13.145Z] Platform:      darwin
[debug] [2019-01-18T23:59:13.145Z] Node Version:  v8.9.0
[debug] [2019-01-18T23:59:13.146Z] Time:          Sat Jan 19 2019 00:59:13 GMT+0100 (CET)
[debug] [2019-01-18T23:59:13.146Z] ----------------------------------------------------------------------
[debug] 
[debug] [2019-01-18T23:59:13.156Z] > command requires scopes: ["email","openid","https://www.googleapis.com/auth/cloudplatformprojects.readonly","https://www.googleapis.com/auth/firebase","https://www.googleapis.com/auth/cloud-platform"]
[debug] [2019-01-18T23:59:13.156Z] > authorizing via signed-in user
[debug] [2019-01-18T23:59:13.157Z] [iam] checking project cluster-freelance for permissions ["cloudfunctions.functions.create","cloudfunctions.functions.delete","cloudfunctions.functions.get","cloudfunctions.functions.list","cloudfunctions.functions.update","cloudfunctions.operations.get","datastore.indexes.create","datastore.indexes.delete","datastore.indexes.list","datastore.indexes.update","firebase.projects.get","firebasehosting.sites.update"]
[debug] [2019-01-18T23:59:13.159Z] > refreshing access token with scopes: ["email","https://www.googleapis.com/auth/cloud-platform","https://www.googleapis.com/auth/cloudplatformprojects.readonly","https://www.googleapis.com/auth/firebase","openid"]
[debug] [2019-01-18T23:59:13.159Z] >>> HTTP REQUEST POST https://www.googleapis.com/oauth2/v3/token  
 <request body omitted>
[debug] [2019-01-18T23:59:13.292Z] <<< HTTP RESPONSE 200
[debug] [2019-01-18T23:59:13.301Z] >>> HTTP REQUEST POST https://cloudresourcemanager.googleapis.com/v1/projects/cluster-freelance:testIamPermissions  

[debug] [2019-01-18T23:59:14.089Z] <<< HTTP RESPONSE 200
[debug] [2019-01-18T23:59:14.091Z] >>> HTTP REQUEST GET https://firebase.googleapis.com/v1beta1/projects/cluster-freelance  
 
[debug] [2019-01-18T23:59:14.398Z] <<< HTTP RESPONSE 200
[info] 
[info] === Deploying to 'cluster-freelance'...
[info] 
[info] i  deploying firestore, functions, hosting
[info] Running command: npm --prefix "$RESOURCE_DIR" run lint
[info] ✔  functions: Finished running predeploy script.
[info] i  firestore: checking firestore.rules for compilation errors...
[info] i  firestore: reading indexes from firestore.indexes.json...
[debug] [2019-01-18T23:59:19.068Z] >>> HTTP REQUEST POST https://firebaserules.googleapis.com/v1/projects/cluster-freelance:test  

[debug] [2019-01-18T23:59:19.927Z] <<< HTTP RESPONSE 200
[info] ✔  firestore: rules file firestore.rules compiled successfully
[debug] [2019-01-18T23:59:19.929Z] > [functions] package.json contents: {
  "name": "functions",
  "description": "Cloud Functions for Firebase",
  "scripts": {
    "lint": "eslint .",
    "serve": "firebase serve --only functions",
    "shell": "firebase functions:shell",
    "start": "npm run shell",
    "deploy": "firebase deploy --only functions",
    "logs": "firebase functions:log"
  },
  "dependencies": {
    "firebase-admin": "^6.5.0",
    "firebase-functions": "^2.1.0",
    "nodemailer": "^5.1.1"
  },
  "devDependencies": {
    "eslint": "^4.12.0",
    "eslint-plugin-promise": "^3.6.0"
  },
  "private": true
}
[info] i  functions: ensuring necessary APIs are enabled...
[debug] [2019-01-18T23:59:19.930Z] >>> HTTP REQUEST GET https://servicemanagement.googleapis.com/v1/services/cloudfunctions.googleapis.com/projectSettings/cluster-freelance?view=CONSUMER_VIEW  
 
[debug] [2019-01-18T23:59:19.931Z] >>> HTTP REQUEST GET https://servicemanagement.googleapis.com/v1/services/runtimeconfig.googleapis.com/projectSettings/cluster-freelance?view=CONSUMER_VIEW  
 
[debug] [2019-01-18T23:59:21.465Z] <<< HTTP RESPONSE 200
[debug] [2019-01-18T23:59:21.470Z] <<< HTTP RESPONSE 200
[info] ✔  functions: all necessary APIs are enabled
[debug] [2019-01-18T23:59:21.471Z] >>> HTTP REQUEST GET https://cloudresourcemanager.googleapis.com/v1/projects/cluster-freelance  
 
[debug] [2019-01-18T23:59:22.166Z] <<< HTTP RESPONSE 200
[debug] [2019-01-18T23:59:22.167Z] >>> HTTP REQUEST GET https://mobilesdk-pa.googleapis.com/v1/projects/665141570788:getServerAppConfig  
 
[debug] [2019-01-18T23:59:22.382Z] <<< HTTP RESPONSE 200
[debug] [2019-01-18T23:59:22.383Z] >>> HTTP REQUEST POST https://firebasehosting.googleapis.com/v1beta1/sites/cluster-freelance/versions  

[debug] [2019-01-18T23:59:23.920Z] <<< HTTP RESPONSE 200
[info] i  firestore: uploading rules firestore.rules...
[debug] [2019-01-18T23:59:23.925Z] >>> HTTP REQUEST POST https://firebaserules.googleapis.com/v1/projects/cluster-freelance/rulesets  

[debug] [2019-01-18T23:59:23.925Z] >>> HTTP REQUEST GET https://firestore.googleapis.com/v1beta2/projects/cluster-freelance/databases/(default)/collectionGroups/-/indexes  
 
[debug] [2019-01-18T23:59:24.534Z] <<< HTTP RESPONSE 200
[debug] [2019-01-18T23:59:24.535Z] >>> HTTP REQUEST GET https://firestore.googleapis.com/v1beta2/projects/cluster-freelance/databases/(default)/collectionGroups/-/fields?filter=indexConfig.usesAncestorConfig=false  
 
[debug] [2019-01-18T23:59:24.784Z] <<< HTTP RESPONSE 200
[info] ✔  firestore: deployed indexes in firestore.indexes.json successfully
[debug] [2019-01-18T23:59:24.787Z] <<< HTTP RESPONSE 200
[debug] [2019-01-18T23:59:24.787Z] [rules] created ruleset projects/cluster-freelance/rulesets/aa6d3ac6-01be-4c63-a045-49b4bc722944
[info] i  functions: preparing functions directory for uploading...
[debug] [2019-01-18T23:59:24.789Z] >>> HTTP REQUEST GET https://runtimeconfig.googleapis.com/v1beta1/projects/cluster-freelance/configs  
 
[debug] [2019-01-18T23:59:25.762Z] <<< HTTP RESPONSE 200
[debug] [2019-01-18T23:59:25.763Z] >>> HTTP REQUEST GET https://runtimeconfig.googleapis.com/v1beta1/projects/cluster-freelance/configs/auth/variables  
 
[debug] [2019-01-18T23:59:26.824Z] <<< HTTP RESPONSE 200
[debug] [2019-01-18T23:59:26.825Z] >>> HTTP REQUEST GET https://runtimeconfig.googleapis.com/v1beta1/projects/cluster-freelance/configs/auth/variables/user  
 
[debug] [2019-01-18T23:59:26.827Z] >>> HTTP REQUEST GET https://runtimeconfig.googleapis.com/v1beta1/projects/cluster-freelance/configs/auth/variables/pass  
 
[debug] [2019-01-18T23:59:27.913Z] <<< HTTP RESPONSE 200
[debug] [2019-01-18T23:59:27.914Z] <<< HTTP RESPONSE 200
[info] i  functions: packaged functions (120.07 KB) for uploading
[debug] [2019-01-18T23:59:28.304Z] >>> HTTP REQUEST POST https://cloudfunctions.googleapis.com/v1/projects/cluster-freelance/locations/us-central1/functions:generateUploadUrl  
 
[debug] [2019-01-18T23:59:28.836Z] <<< HTTP RESPONSE 200
[debug] [2019-01-18T23:59:28.836Z] >>> HTTP REQUEST PUT https://storage.googleapis.com/gcf-upload-us-central1-81b14573-d58e-4be9-b556-66afd9c7b448/c6d070f3-c2bd-457e-8664-16f32d178c9c.zip?GoogleAccessId=service-665141570788@gcf-admin-robot.iam.gserviceaccount.com&Expires=1547857768&Signature=YrPqHSnsrklLxhBbg1uSNvIJFEnPKgKXk5Z1TPjlDPnmRwjF8SitUq9D4g1MdpsecZND%2F45ZDAxZBQTanjkmVE6spbABT96oKGmbRAuTqWW%2B1TWAM%2FfQJyrfYerE%2FDQMQYSEFbaEUWnFJjteiaw9xOIHIisITVhcY048hslE12rU0VHf7eO0nCY2NZ%2FiCZIi7PZE4oce8SjB63sPEy1MG%2B55w%2Fun1753lBFjhF8SOGTEYL0%2BRMqDHstz00ePrkBIJ%2FcInPz3q7g1nKjpOCXZLaDbuoHvb98hki7ung2CehGBbxFrM4fWPzLnM1hoa1%2FW6IE%2BpicNFU%2FeZLDyjieWng%3D%3D  

[debug] [2019-01-18T23:59:29.758Z] <<< HTTP RESPONSE 200
[info] ✔  functions: functions folder uploaded successfully
[info] i  hosting[cluster-freelance]: beginning deploy...
[info] i  hosting[cluster-freelance]: found 15 files in build
[debug] [2019-01-18T23:59:29.767Z] [hosting] hash cache [YnVpbGQ] load error: lines is not defined
[debug] [2019-01-18T23:59:30.567Z] [hosting] hash cache [YnVpbGQ] stored for 15 files
[debug] [2019-01-18T23:59:30.567Z] [hosting][hash queue][FINAL]
[debug] [2019-01-18T23:59:30.568Z] >>> HTTP REQUEST POST https://firebasehosting.googleapis.com/v1beta1/sites/cluster-freelance/versions/6ca8cc439522f7a8:populateFiles  
 <request body omitted>
[debug] [2019-01-18T23:59:31.818Z] <<< HTTP RESPONSE 200
[debug] [2019-01-18T23:59:31.820Z] [hosting][populate queue][FINAL]
[debug] [2019-01-18T23:59:31.820Z] [hosting] uploads queued: 1
[debug] [2019-01-18T23:59:34.764Z] [hosting][upload queue][FINAL]
[info] ✔  hosting[cluster-freelance]: file upload complete
[debug] [2019-01-18T23:59:34.764Z] [hosting] deploy completed after 5006ms
[debug] [2019-01-18T23:59:34.765Z] [rules] releasing cloud.firestore with ruleset projects/cluster-freelance/rulesets/aa6d3ac6-01be-4c63-a045-49b4bc722944
[debug] [2019-01-18T23:59:34.765Z] >>> HTTP REQUEST PATCH https://firebaserules.googleapis.com/v1/projects/cluster-freelance/releases/cloud.firestore  

[debug] [2019-01-18T23:59:35.902Z] <<< HTTP RESPONSE 200
[debug] [2019-01-18T23:59:35.902Z] [rules] updated release projects/cluster-freelance/releases/cloud.firestore
[info] ✔  firestore: released rules firestore.rules to cloud.firestore
[debug] [2019-01-18T23:59:35.905Z] >>> HTTP REQUEST GET https://cloudfunctions.googleapis.com/v1/projects/cluster-freelance/locations/-/functions  
 
[debug] [2019-01-18T23:59:36.401Z] <<< HTTP RESPONSE 200
[info] i  functions: updating Node.js 6 function sendEmailByPosts(us-central1)...
[debug] [2019-01-18T23:59:36.404Z] Trigger is:  {"eventTrigger":{"resource":"projects/cluster-freelance/databases/(default)/documents/posts/{postId}","eventType":"providers/cloud.firestore/eventTypes/document.create","service":"firestore.googleapis.com"}}
[info] 
The following functions are found in your project but do not exist in your local source code:
	sendEmail(us-central1)

If you are renaming a function or changing its region, it is recommended that you create the new function first before deleting the old one to prevent event loss. For more info, visit https://firebase.google.com/docs/functions/manage-functions#modify

